<?xml version="1.0" encoding="UTF-8"?>
<!-- Generated by org.testng.reporters.JUnitXMLReporter -->
<testsuite ignored="0" hostname="Rakshana_Radhakrishnan" failures="1" tests="1" name="Case2" time="45.243" errors="0" timestamp="2021-08-17T23:20:00 GMT+05:30">
  <testcase classname="TestCases.Case2Title" name="FeaturedCourse" time="18.226">
    <failure type="java.lang.AssertionError" message="expected [FEATURED123COURSES] but found [FEATURED COURSES]">
      <![CDATA[java.lang.AssertionError: expected [FEATURED123COURSES] but found [FEATURED COURSES]
at TestCases.Case2Title.FeaturedCourse(Case2Title.java:30)
at java.base/java.util.ArrayList.forEach(ArrayList.java:1511)
at java.base/java.util.concurrent.FutureTask.run(FutureTask.java:264)
at java.base/java.util.concurrent.ThreadPoolExecutor.runWorker(ThreadPoolExecutor.java:1130)
at java.base/java.util.concurrent.ThreadPoolExecutor$Worker.run(ThreadPoolExecutor.java:630)
at java.base/java.lang.Thread.run(Thread.java:831)
... Removed 24 stack frames]]>
    </failure>
  </testcase> <!-- FeaturedCourse -->
</testsuite> <!-- Case2 -->
