<?xml version="1.0" encoding="UTF-8"?>
<!-- Generated by org.testng.reporters.JUnitXMLReporter -->
<testsuite ignored="0" hostname="Rakshana_Radhakrishnan" failures="0" tests="4" name="Test" time="122.202" errors="0" timestamp="2021-07-28T12:24:05 GMT+05:30">
  <testcase classname="TestCases.Case3Success" name="initializeBrowser" time="37.978"/>
  <testcase classname="TestCases.Case1" name="initializeBrowser" time="21.964"/>
  <testcase classname="TestCases.Case1" name="initializeBrowser" time="19.752"/>
  <testcase classname="TestCases.Case2Title" name="initializeBrowser" time="42.358"/>
</testsuite> <!-- Test -->
