<?xml version="1.0" encoding="UTF-8"?>
<!-- Generated by org.testng.reporters.JUnitXMLReporter -->
<testsuite hostname="Rakshana_Radhakrishnan" ignored="0" name="Case2" tests="1" failures="1" timestamp="2021-08-18T12:34:18 GMT+05:30" time="148.602" errors="0">
  <testcase name="FeaturedCourse" time="60.089" classname="TestCases.Case2Title">
    <failure type="java.lang.AssertionError" message="expected [FEATURED123COURSES] but found [FEATURED COURSES]">
      <![CDATA[java.lang.AssertionError: expected [FEATURED123COURSES] but found [FEATURED COURSES]
at TestCases.Case2Title.FeaturedCourse(Case2Title.java:30)
at java.util.ArrayList.forEach(ArrayList.java:1259)
at java.util.concurrent.FutureTask.run(FutureTask.java:266)
at java.util.concurrent.ThreadPoolExecutor.runWorker(ThreadPoolExecutor.java:1149)
at java.util.concurrent.ThreadPoolExecutor$Worker.run(ThreadPoolExecutor.java:624)
at java.lang.Thread.run(Thread.java:748)
... Removed 24 stack frames]]>
    </failure>
  </testcase> <!-- FeaturedCourse -->
</testsuite> <!-- Case2 -->
